<?xml version="1.0" encoding="UTF-8"?>
<testng-results skipped="0" failed="0" total="1" passed="1">
  <reporter-output>
  </reporter-output>
  <suite name="Default suite" duration-ms="6612" started-at="2018-07-03T12:48:56Z" finished-at="2018-07-03T12:49:03Z">
    <groups>
    </groups>
    <test name="Default test" duration-ms="6612" started-at="2018-07-03T12:48:56Z" finished-at="2018-07-03T12:49:03Z">
      <class name="com.test.autoGithub.Dropdown">
        <test-method status="PASS" signature="dropdown()[pri:0, instance:com.test.autoGithub.Dropdown@23ceabc1]" name="dropdown" duration-ms="6582" started-at="2018-07-03T18:18:56Z" finished-at="2018-07-03T18:19:03Z">
          <reporter-output>
          </reporter-output>
        </test-method> <!-- dropdown -->
      </class> <!-- com.test.autoGithub.Dropdown -->
    </test> <!-- Default test -->
  </suite> <!-- Default suite -->
</testng-results>
