<?xml version="1.0" encoding="UTF-8"?>
<testng-results skipped="0" failed="0" total="1" passed="1">
  <reporter-output>
  </reporter-output>
  <suite name="Default suite" duration-ms="27800" started-at="2018-07-04T06:56:14Z" finished-at="2018-07-04T06:56:42Z">
    <groups>
    </groups>
    <test name="Default test" duration-ms="27800" started-at="2018-07-04T06:56:14Z" finished-at="2018-07-04T06:56:42Z">
      <class name="com.test.autoGithub.bootstrapDropdown">
        <test-method status="PASS" signature="bootdropdown()[pri:0, instance:com.test.autoGithub.bootstrapDropdown@23ceabc1]" name="bootdropdown" duration-ms="27779" started-at="2018-07-04T12:26:14Z" finished-at="2018-07-04T12:26:42Z">
          <reporter-output>
          </reporter-output>
        </test-method> <!-- bootdropdown -->
      </class> <!-- com.test.autoGithub.bootstrapDropdown -->
    </test> <!-- Default test -->
  </suite> <!-- Default suite -->
</testng-results>
